Arguments: 
  /usr/local/Cellar/node/14.1.0/bin/node /usr/local/Cellar/yarn/1.22.4/libexec/bin/yarn.js install

PATH: 
  /usr/local/bin:/Users/daniel/.nvm/versions/node/v12.16.3/bin:/usr/local/bin:/usr/bin:/bin:/usr/sbin:/sbin:/Library/Apple/usr/bin:/Users/daniel/Library/Android/Sdk/emulator:/Users/daniel/Library/Android/Sdk/tools:/Users/daniel/Library/Android/Sdk/tools/bin:/Users/daniel/Library/Android/Sdk/platform-tools

Yarn version: 
  1.22.4

Node version: 
  14.1.0

Platform: 
  darwin x64

Trace: 
  Error: https://github.com/expo/react-native/archive/sdk-38.0.2.tar.gz: ESOCKETTIMEDOUT
      at ClientRequest.<anonymous> (/usr/local/Cellar/yarn/1.22.4/libexec/lib/cli.js:141375:19)
      at Object.onceWrapper (events.js:421:28)
      at ClientRequest.emit (events.js:315:20)
      at TLSSocket.emitRequestTimeout (_http_client.js:759:9)
      at Object.onceWrapper (events.js:421:28)
      at TLSSocket.emit (events.js:327:22)
      at TLSSocket.Socket._onTimeout (net.js:480:8)
      at listOnTimeout (internal/timers.js:549:17)
      at processTimers (internal/timers.js:492:7)

npm manifest: 
  {
    "main": "node_modules/expo/AppEntry.js",
    "scripts": {
      "start": "expo start",
      "android": "expo start --android",
      "ios": "expo start --ios",
      "web": "expo start --web",
      "eject": "expo eject"
    },
    "dependencies": {
      "expo": "~38.0.8",
      "expo-status-bar": "^1.0.2",
      "react": "~16.11.0",
      "react-dom": "~16.11.0",
      "react-native": "https://github.com/expo/react-native/archive/sdk-38.0.2.tar.gz",
      "react-native-web": "~0.11.7"
    },
    "devDependencies": {
      "@babel/core": "^7.8.6",
      "@types/react": "~16.9.41",
      "@types/react-native": "~0.62.13",
      "typescript": "~3.9.5"
    },
    "private": true
  }

yarn manifest: 
  No manifest

Lockfile: 
  No lockfile
